<?xml version="1.0" encoding="UTF-8"?>
<!-- Generated by org.testng.reporters.JUnitXMLReporter -->
<testsuite ignored="1" hostname="Amals_HP_Envy" failures="0" tests="8" name="ChromeTests" time="10.854" errors="0" timestamp="2026-05-27T13:32:43 EDT">
  <testcase classname="com.amalw.tests.RegistrationNegativeTest" name="testinvalidRegistrationData" time="4.432"/>
  <testcase classname="com.amalw.tests.RegistrationNegativeTest" name="testinvalidRegistrationData" time="4.536"/>
  <testcase classname="com.amalw.tests.RegistrationNegativeTest" name="testinvalidRegistrationData" time="4.902"/>
  <testcase classname="com.amalw.tests.RegistrationTest" name="testRegistration" time="5.212"/>
  <testcase classname="com.amalw.tests.RegistrationTest" name="testRegistration" time="5.264"/>
  <testcase classname="com.amalw.tests.RegistrationNegativeTest" name="testinvalidRegistrationData" time="5.297"/>
  <testcase classname="com.amalw.tests.RegistrationTest" name="testRegistration" time="5.626"/>
  <testcase classname="com.amalw.tests.RegistrationTest" name="testRegistration" time="5.672"/>
  <testcase classname="com.amalw.base.BaseTest" name="@BeforeSuite beforeSuite" time="0.0">
    <ignored/>
  </testcase> <!-- @BeforeSuite beforeSuite -->
</testsuite> <!-- ChromeTests -->
