<?xml version="1.0" encoding="UTF-8"?>
<!-- Generated by org.testng.reporters.JUnitXMLReporter -->
<testsuite ignored="1" hostname="Amals_HP_Envy" failures="0" tests="8" name="EdgeTests" time="11.949" errors="0" timestamp="2026-05-27T13:33:15 EDT">
  <testcase classname="com.amalw.tests.RegistrationNegativeTest" name="testinvalidRegistrationData" time="5.949"/>
  <testcase classname="com.amalw.tests.RegistrationNegativeTest" name="testinvalidRegistrationData" time="5.461"/>
  <testcase classname="com.amalw.tests.RegistrationTest" name="testRegistration" time="5.838"/>
  <testcase classname="com.amalw.tests.RegistrationNegativeTest" name="testinvalidRegistrationData" time="5.924"/>
  <testcase classname="com.amalw.tests.RegistrationNegativeTest" name="testinvalidRegistrationData" time="6.069"/>
  <testcase classname="com.amalw.tests.RegistrationTest" name="testRegistration" time="6.997"/>
  <testcase classname="com.amalw.tests.RegistrationTest" name="testRegistration" time="6.526"/>
  <testcase classname="com.amalw.tests.RegistrationTest" name="testRegistration" time="6.972"/>
  <testcase classname="com.amalw.base.BaseTest" name="@BeforeSuite beforeSuite" time="0.0">
    <ignored/>
  </testcase> <!-- @BeforeSuite beforeSuite -->
</testsuite> <!-- EdgeTests -->
