<?xml version="1.0" encoding="UTF-8"?>
<!-- Generated by org.testng.reporters.JUnitXMLReporter -->
<testsuite ignored="1" hostname="Amals_HP_Envy" failures="0" tests="8" name="FirefoxTests" time="19.692" errors="0" timestamp="2026-05-27T13:33:03 EDT">
  <testcase classname="com.amalw.tests.RegistrationTest" name="testRegistration" time="3.173"/>
  <testcase classname="com.amalw.tests.RegistrationNegativeTest" name="testinvalidRegistrationData" time="5.413"/>
  <testcase classname="com.amalw.tests.RegistrationNegativeTest" name="testinvalidRegistrationData" time="5.443"/>
  <testcase classname="com.amalw.tests.RegistrationNegativeTest" name="testinvalidRegistrationData" time="2.403"/>
  <testcase classname="com.amalw.tests.RegistrationTest" name="testRegistration" time="5.422"/>
  <testcase classname="com.amalw.tests.RegistrationTest" name="testRegistration" time="9.161"/>
  <testcase classname="com.amalw.tests.RegistrationNegativeTest" name="testinvalidRegistrationData" time="4.9"/>
  <testcase classname="com.amalw.tests.RegistrationTest" name="testRegistration" time="5.05"/>
  <testcase classname="com.amalw.base.BaseTest" name="@BeforeSuite beforeSuite" time="0.0">
    <ignored/>
  </testcase> <!-- @BeforeSuite beforeSuite -->
</testsuite> <!-- FirefoxTests -->
