<?xml version="1.0" encoding="UTF-8"?>
<!-- Generated by org.testng.reporters.JUnitXMLReporter -->
<testsuite ignored="0" hostname="Amals_HP_Envy" failures="0" tests="4" name="Default test" time="5.178" errors="0" timestamp="2026-05-27T10:39:55 EDT">
  <testcase classname="com.amalw.tests.RegistrationTest" name="testRegistration" time="2.018"/>
  <testcase classname="com.amalw.tests.RegistrationTest" name="testRegistration" time="2.026"/>
  <testcase classname="com.amalw.tests.RegistrationTest" name="testRegistration" time="2.017"/>
  <testcase classname="com.amalw.tests.RegistrationTest" name="testRegistration" time="2.091"/>
</testsuite> <!-- Default test -->
