<?xml version="1.0" encoding="UTF-8"?>
<!-- Generated by org.testng.reporters.JUnitReportReporter -->
<testsuite hostname="Amals_HP_Envy" failures="0" tests="12" name="com.amalw.tests.RegistrationTest" time="163.232" errors="0" timestamp="2026-05-27T13:33:15 EDT" skipped="0">
  <testcase classname="com.amalw.tests.RegistrationTest" name="testRegistration" time="15.608"/>
  <testcase classname="com.amalw.tests.RegistrationTest" name="testRegistration" time="10.886"/>
  <testcase classname="com.amalw.tests.RegistrationTest" name="testRegistration" time="11.814"/>
  <testcase classname="com.amalw.tests.RegistrationTest" name="testRegistration" time="9.929"/>
  <testcase classname="com.amalw.tests.RegistrationTest" name="testRegistration" time="10.664"/>
  <testcase classname="com.amalw.tests.RegistrationTest" name="testRegistration" time="10.281"/>
  <testcase classname="com.amalw.tests.RegistrationTest" name="testRegistration" time="14.411"/>
  <testcase classname="com.amalw.tests.RegistrationTest" name="testRegistration" time="10.376"/>
  <testcase classname="com.amalw.tests.RegistrationTest" name="testRegistration" time="29.936"/>
  <testcase classname="com.amalw.tests.RegistrationTest" name="testRegistration" time="12.611"/>
  <testcase classname="com.amalw.tests.RegistrationTest" name="testRegistration" time="14.340"/>
  <testcase classname="com.amalw.tests.RegistrationTest" name="testRegistration" time="12.376"/>
</testsuite> <!-- com.amalw.tests.RegistrationTest -->
