<?xml version="1.0" encoding="UTF-8"?>
<!-- Generated by org.testng.reporters.JUnitReportReporter -->
<testsuite hostname="Amals_HP_Envy" failures="0" tests="12" name="com.amalw.tests.RegistrationNegativeTest" time="161.049" errors="0" timestamp="2026-05-27T13:33:15 EDT" skipped="0">
  <testcase classname="com.amalw.tests.RegistrationNegativeTest" name="testinvalidRegistrationData" time="11.218"/>
  <testcase classname="com.amalw.tests.RegistrationNegativeTest" name="testinvalidRegistrationData" time="12.629"/>
  <testcase classname="com.amalw.tests.RegistrationNegativeTest" name="testinvalidRegistrationData" time="10.285"/>
  <testcase classname="com.amalw.tests.RegistrationNegativeTest" name="testinvalidRegistrationData" time="11.065"/>
  <testcase classname="com.amalw.tests.RegistrationNegativeTest" name="testinvalidRegistrationData" time="11.960"/>
  <testcase classname="com.amalw.tests.RegistrationNegativeTest" name="testinvalidRegistrationData" time="11.721"/>
  <testcase classname="com.amalw.tests.RegistrationNegativeTest" name="testinvalidRegistrationData" time="19.557"/>
  <testcase classname="com.amalw.tests.RegistrationNegativeTest" name="testinvalidRegistrationData" time="18.541"/>
  <testcase classname="com.amalw.tests.RegistrationNegativeTest" name="testinvalidRegistrationData" time="9.492"/>
  <testcase classname="com.amalw.tests.RegistrationNegativeTest" name="testinvalidRegistrationData" time="23.187"/>
  <testcase classname="com.amalw.tests.RegistrationNegativeTest" name="testinvalidRegistrationData" time="11.304"/>
  <testcase classname="com.amalw.tests.RegistrationNegativeTest" name="testinvalidRegistrationData" time="10.090"/>
</testsuite> <!-- com.amalw.tests.RegistrationNegativeTest -->
